0 info it worked if it ends with ok
1 verbose cli [ 'C:\\Program Files\\nodejs\\node.exe',
1 verbose cli   'C:\\Program Files\\nodejs\\node_modules\\npm\\bin\\npm-cli.js',
1 verbose cli   'install',
1 verbose cli   'simplehttpserver',
1 verbose cli   '-g' ]
2 info using npm@2.14.7
3 info using node@v4.2.2
4 verbose install initial load of C:\Users\maiga mariam\AppData\Roaming\npm\package.json
5 verbose readDependencies loading dependencies from C:\Users\maiga mariam\AppData\Roaming\npm\package.json
6 silly cache add args [ 'simplehttpserver', null ]
7 verbose cache add spec simplehttpserver
8 silly cache add parsed spec Result {
8 silly cache add   raw: 'simplehttpserver',
8 silly cache add   scope: null,
8 silly cache add   name: 'simplehttpserver',
8 silly cache add   rawSpec: '',
8 silly cache add   spec: '*',
8 silly cache add   type: 'range' }
9 silly addNamed simplehttpserver@*
10 verbose addNamed "*" is a valid semver range for simplehttpserver
11 silly addNameRange { name: 'simplehttpserver', range: '*', hasData: false }
12 silly mapToRegistry name simplehttpserver
13 silly mapToRegistry using default registry
14 silly mapToRegistry registry https://registry.npmjs.org/
15 silly mapToRegistry uri https://registry.npmjs.org/simplehttpserver
16 verbose addNameRange registry:https://registry.npmjs.org/simplehttpserver not in flight; fetching
17 verbose request uri https://registry.npmjs.org/simplehttpserver
18 verbose request no auth needed
19 info attempt registry request try #1 at 23:22:05
20 verbose request id a5833e7c954880af
21 http request GET https://registry.npmjs.org/simplehttpserver
22 info retry will retry, error on last attempt: Error: Hostname/IP doesn't match certificate's altnames: "Host: registry.npmjs.org. is not in the cert's altnames: DNS:wireless.wifirst.net, DNS:www.wireless.wifirst.net"
23 info attempt registry request try #2 at 23:22:15
24 http request GET https://registry.npmjs.org/simplehttpserver
25 info retry will retry, error on last attempt: Error: Hostname/IP doesn't match certificate's altnames: "Host: registry.npmjs.org. is not in the cert's altnames: DNS:wireless.wifirst.net, DNS:www.wireless.wifirst.net"
26 info attempt registry request try #3 at 23:23:15
27 http request GET https://registry.npmjs.org/simplehttpserver
28 verbose stack Error: Hostname/IP doesn't match certificate's altnames: "Host: registry.npmjs.org. is not in the cert's altnames: DNS:wireless.wifirst.net, DNS:www.wireless.wifirst.net"
28 verbose stack     at Object.checkServerIdentity (tls.js:191:15)
28 verbose stack     at TLSSocket.<anonymous> (_tls_wrap.js:1009:29)
28 verbose stack     at emitNone (events.js:67:13)
28 verbose stack     at TLSSocket.emit (events.js:166:7)
28 verbose stack     at TLSSocket._finishInit (_tls_wrap.js:570:8)
29 verbose cwd C:\Users\maiga mariam\Downloads\ContactsManager-master\ContactsManager-master
30 error Windows_NT 6.3.9600
31 error argv "C:\\Program Files\\nodejs\\node.exe" "C:\\Program Files\\nodejs\\node_modules\\npm\\bin\\npm-cli.js" "install" "simplehttpserver" "-g"
32 error node v4.2.2
33 error npm  v2.14.7
34 error Hostname/IP doesn't match certificate's altnames: "Host: registry.npmjs.org. is not in the cert's altnames: DNS:wireless.wifirst.net, DNS:www.wireless.wifirst.net"
35 error If you need help, you may report this error at:
35 error     <https://github.com/npm/npm/issues>
36 verbose exit [ 1, true ]
